<?xml version="1.0" encoding="UTF-8"?>
<!-- Generated by org.testng.reporters.JUnitXMLReporter -->
<testsuite ignored="0" hostname="DESKTOP-CRGJO43" failures="1" tests="2" name="Logout Test" time="10.172" errors="0" timestamp="2021-12-29T10:16:47 IST">
  <testcase classname="testCases.CAMS_Logout_Test" name="@AfterTest tearDown" time="0.002">
    <failure type="java.lang.NullPointerException" message="Cannot invoke &amp;quot;keywords.ApplicationKeyword.quite_Browser_after_Wait(int)&amp;quot; because &amp;quot;this.app&amp;quot; is null">
      <![CDATA[java.lang.NullPointerException: Cannot invoke "keywords.ApplicationKeyword.quite_Browser_after_Wait(int)" because "this.app" is null
at testCases.CAMS_Logout_Test.tearDown(CAMS_Logout_Test.java:33)
... Removed 24 stack frames]]>
    </failure>
  </testcase> <!-- @AfterTest tearDown -->
  <testcase classname="testCases.CAMS_Login_Test" name="doingLogin" time="10.147"/>
  <testcase classname="testCases.CAMS_Logout_Test" name="doingLogout" time="0.002">
    <failure type="java.lang.NullPointerException" message="Cannot invoke &amp;quot;keywords.ApplicationKeyword.wait(int)&amp;quot; because &amp;quot;this.app&amp;quot; is null">
      <![CDATA[java.lang.NullPointerException: Cannot invoke "keywords.ApplicationKeyword.wait(int)" because "this.app" is null
at testCases.CAMS_Logout_Test.doingLogout(CAMS_Logout_Test.java:24)
at java.base/java.util.ArrayList.forEach(ArrayList.java:1511)
... Removed 27 stack frames]]>
    </failure>
  </testcase> <!-- doingLogout -->
</testsuite> <!-- Logout Test -->
