<?xml version="1.0" encoding="UTF-8"?>
<!-- Generated by org.testng.reporters.JUnitXMLReporter -->
<testsuite ignored="2" hostname="DESKTOP-CRGJO43" failures="0" tests="4" name="Brand Creation Test" time="50.47" errors="0" timestamp="2022-01-24T18:16:30 IST">
  <testcase classname="testCases.CMS_Brand_Listing_Page" name="brand_listing_page_test" time="19.214"/>
  <testcase classname="testCases.CMS_Brand_Create_Page" name="brand_create_page_all_button_validation" time="13.844"/>
  <testcase classname="testCases.CMS_Brand_Create_Page" name="brand_create_test" time="2.283"/>
  <testcase classname="testCases.CMS_Brand_Create_Page" name="brand_properties_configuration" time="10.006"/>
  <testcase classname="testBase.BaseTest" name="@BeforeTest beforeTest" time="0.0">
    <ignored/>
  </testcase> <!-- @BeforeTest beforeTest -->
  <testcase classname="testBase.BaseTest" name="@AfterTest tearDown" time="0.0">
    <ignored/>
  </testcase> <!-- @AfterTest tearDown -->
</testsuite> <!-- Brand Creation Test -->
