<?xml version="1.0" encoding="UTF-8"?>
<!-- Generated by org.testng.reporters.JUnitXMLReporter -->
<testsuite ignored="4" hostname="DESKTOP-CRGJO43" failures="0" tests="3" name="Brand Listing Page Test" time="46.33" errors="0" timestamp="2022-01-03T19:40:00 IST">
  <testcase classname="testCases.CAMS_Login_Test" name="doing_Login" time="23.324"/>
  <testcase classname="testCases.CMS_Brand_Listing_Page" name="brand_listing_page_test" time="4.089"/>
  <testcase classname="testCases.CMS_Brand_Create_Page" name="brand_create_test" time="11.94"/>
  <testcase classname="testBase.BaseTest" name="@BeforeTest beforeTest" time="0.0">
    <ignored/>
  </testcase> <!-- @BeforeTest beforeTest -->
  <testcase classname="testBase.BaseTest" name="@BeforeTest beforeTest" time="0.0">
    <ignored/>
  </testcase> <!-- @BeforeTest beforeTest -->
  <testcase classname="testBase.BaseTest" name="@AfterTest tearDown" time="0.0">
    <ignored/>
  </testcase> <!-- @AfterTest tearDown -->
  <testcase classname="testBase.BaseTest" name="@AfterTest tearDown" time="0.0">
    <ignored/>
  </testcase> <!-- @AfterTest tearDown -->
</testsuite> <!-- Brand Listing Page Test -->
