<?xml version="1.0" encoding="UTF-8"?>
<!-- Generated by org.testng.reporters.JUnitXMLReporter -->
<testsuite ignored="2" hostname="DESKTOP-CRGJO43" failures="0" tests="2" name="Catalog Admin ---- Logout Test" time="21.083" errors="0" timestamp="2022-03-15T20:52:46 IST">
  <testcase classname="testCases.CAMS_Login_Test" name="doing_Login" time="14.291"/>
  <testcase classname="testCases.CAMS_Logout_Test" name="doing_Logout" time="2.588"/>
  <testcase classname="testBase.BaseTest" name="@BeforeTest beforeTest" time="0.0">
    <ignored/>
  </testcase> <!-- @BeforeTest beforeTest -->
  <testcase classname="testBase.BaseTest" name="@AfterTest tearDown" time="0.0">
    <ignored/>
  </testcase> <!-- @AfterTest tearDown -->
</testsuite> <!-- Catalog Admin - Logout Test -->
